<?xml version="1.0" encoding="UTF-8"?>
<robot generator="Robot 3.1.2 (Python 3.7.1 on darwin)" generated="20191122 15:50:06.092" rpa="false">
<suite id="s1" name="Gmail" source="/Users/furlenco/Documents/Robot_Framework/tests/gmail.robot">
<test id="s1-t1">
<doc>information about test</doc>
<tags>
<tag>smoke</tag>
</tags>
<status status="FAIL" starttime="20191122 15:50:06.252" endtime="20191122 15:50:06.252" critical="yes">Test case name cannot be empty.</status>
</test>
<doc>present some information about the test suite</doc>
<status status="FAIL" starttime="20191122 15:50:06.094" endtime="20191122 15:50:06.253"></status>
</suite>
<statistics>
<total>
<stat pass="0" fail="1">Critical Tests</stat>
<stat pass="0" fail="1">All Tests</stat>
</total>
<tag>
<stat pass="0" fail="1">smoke</stat>
</tag>
<suite>
<stat pass="0" fail="1" id="s1" name="Gmail">Gmail</stat>
</suite>
</statistics>
<errors>
</errors>
</robot>
