<?xml version="1.0" encoding="UTF-8"?>
<robot generator="Robot 3.1.2 (Python 3.7.1 on darwin)" generated="20191204 04:08:53.765" rpa="false">
<suite id="s1" name="Github" source="/Users/furlenco/Documents/Robot_Framework/tests/Github.robot">
<test id="s1-t1" name="Check Github Username">
<kw name="Create Session" library="RequestsLibrary">
<doc>Create Session: create a HTTP session to a server</doc>
<arguments>
<arg>my_github_session</arg>
<arg>https://api.github.com</arg>
</arguments>
<msg timestamp="20191204 04:08:53.960" level="INFO">Creating Session using : alias=my_github_session, url=https://api.github.com, headers={},                     cookies={}, auth=None, timeout=None, proxies=None, verify=False,                     debug=0 </msg>
<status status="PASS" starttime="20191204 04:08:53.960" endtime="20191204 04:08:53.960"></status>
</kw>
<kw name="${resp} = RequestsLibrary.Get Request">
<arguments>
<arg>my_github_session</arg>
<arg>users/robotframeworktutorial</arg>
</arguments>
<msg timestamp="20191204 04:08:53.965" level="FAIL">No keyword with name '${resp} = RequestsLibrary.Get Request' found.</msg>
<status status="FAIL" starttime="20191204 04:08:53.965" endtime="20191204 04:08:53.966"></status>
</kw>
<status status="FAIL" starttime="20191204 04:08:53.959" endtime="20191204 04:08:53.966" critical="yes">No keyword with name '${resp} = RequestsLibrary.Get Request' found.</status>
</test>
<status status="FAIL" starttime="20191204 04:08:53.768" endtime="20191204 04:08:53.966"></status>
</suite>
<statistics>
<total>
<stat pass="0" fail="1">Critical Tests</stat>
<stat pass="0" fail="1">All Tests</stat>
</total>
<tag>
</tag>
<suite>
<stat pass="0" fail="1" id="s1" name="Github">Github</stat>
</suite>
</statistics>
<errors>
</errors>
</robot>
